time="2018-12-20T10:43:42Z" level=info msg="Using TOML configuration file /traefik.toml"
time="2018-12-20T10:43:42Z" level=warning msg="web provider configuration is deprecated, you should use these options : api, rest provider, ping and metrics"
time="2018-12-20T10:43:42Z" level=info msg="Traefik version v1.7.6 built on 2018-12-14_06:43:37AM"
time="2018-12-20T10:43:42Z" level=info msg="\nStats collection is disabled.\nHelp us improve Traefik by turning this feature on :)\nMore details on: https://docs.traefik.io/basics/#collected-data\n"
time="2018-12-20T10:43:42Z" level=info msg="Preparing server traefik &{Address::8080 TLS:<nil> Redirect:<nil> Auth:<nil> WhitelistSourceRange:[] WhiteList:<nil> Compress:false ProxyProtocol:<nil> ForwardedHeaders:0xc0004fc080} with readTimeout=0s writeTimeout=0s idleTimeout=3m0s"
time="2018-12-20T10:43:42Z" level=info msg="Preparing server http &{Address::80 TLS:<nil> Redirect:0xc0002a6140 Auth:<nil> WhitelistSourceRange:[] WhiteList:<nil> Compress:false ProxyProtocol:<nil> ForwardedHeaders:0xc0004fc020} with readTimeout=0s writeTimeout=0s idleTimeout=3m0s"
time="2018-12-20T10:43:42Z" level=info msg="Starting server on :8080"
time="2018-12-20T10:43:42Z" level=info msg="Starting server on :80"
time="2018-12-20T10:43:42Z" level=info msg="Preparing server https &{Address::443 TLS:0xc00029f290 Redirect:<nil> Auth:<nil> WhitelistSourceRange:[] WhiteList:<nil> Compress:true ProxyProtocol:<nil> ForwardedHeaders:0xc0004fc040} with readTimeout=0s writeTimeout=0s idleTimeout=3m0s"
time="2018-12-20T10:43:43Z" level=info msg="Starting provider configuration.ProviderAggregator {}"
time="2018-12-20T10:43:43Z" level=info msg="Starting server on :443"
time="2018-12-20T10:43:43Z" level=info msg="Starting provider *docker.Provider {\"Watch\":true,\"Filename\":\"\",\"Constraints\":null,\"Trace\":false,\"TemplateVersion\":2,\"DebugLogGeneratedTemplate\":false,\"Endpoint\":\"unix:///var/run/docker.sock\",\"Domain\":\"local.intergo.co\",\"TLS\":null,\"ExposedByDefault\":false,\"UseBindPortIP\":false,\"SwarmMode\":false,\"Network\":\"\",\"SwarmModeRefreshSeconds\":15}"
time="2018-12-20T10:43:43Z" level=info msg="Server configuration reloaded on :80"
time="2018-12-20T10:43:43Z" level=info msg="Server configuration reloaded on :443"
time="2018-12-20T10:43:43Z" level=info msg="Server configuration reloaded on :8080"
time="2018-12-20T10:43:44Z" level=info msg="Skipping same configuration for provider docker"
time="2018-12-20T10:45:15Z" level=info msg="I have to go..."
time="2018-12-20T10:45:15Z" level=info msg="Stopping server gracefully"
time="2018-12-20T10:45:15Z" level=info msg="Server stopped"
time="2018-12-20T10:45:15Z" level=info msg="Shutting down"
time="2018-12-20T10:45:38Z" level=info msg="Using TOML configuration file /traefik.toml"
time="2018-12-20T10:45:38Z" level=warning msg="web provider configuration is deprecated, you should use these options : api, rest provider, ping and metrics"
time="2018-12-20T10:45:38Z" level=info msg="Traefik version v1.7.6 built on 2018-12-14_06:43:37AM"
time="2018-12-20T10:45:38Z" level=info msg="\nStats collection is disabled.\nHelp us improve Traefik by turning this feature on :)\nMore details on: https://docs.traefik.io/basics/#collected-data\n"
time="2018-12-20T10:45:38Z" level=info msg="Preparing server https &{Address::443 TLS:0xc000227290 Redirect:<nil> Auth:<nil> WhitelistSourceRange:[] WhiteList:<nil> Compress:true ProxyProtocol:<nil> ForwardedHeaders:0xc0004be700} with readTimeout=0s writeTimeout=0s idleTimeout=3m0s"
time="2018-12-20T10:45:39Z" level=info msg="Preparing server traefik &{Address::8080 TLS:<nil> Redirect:<nil> Auth:<nil> WhitelistSourceRange:[] WhiteList:<nil> Compress:false ProxyProtocol:<nil> ForwardedHeaders:0xc0004be720} with readTimeout=0s writeTimeout=0s idleTimeout=3m0s"
time="2018-12-20T10:45:39Z" level=info msg="Starting server on :443"
time="2018-12-20T10:45:39Z" level=info msg="Starting server on :8080"
time="2018-12-20T10:45:39Z" level=info msg="Preparing server http &{Address::80 TLS:<nil> Redirect:0xc00034f340 Auth:<nil> WhitelistSourceRange:[] WhiteList:<nil> Compress:false ProxyProtocol:<nil> ForwardedHeaders:0xc0004be6e0} with readTimeout=0s writeTimeout=0s idleTimeout=3m0s"
time="2018-12-20T10:45:39Z" level=info msg="Starting provider configuration.ProviderAggregator {}"
time="2018-12-20T10:45:39Z" level=info msg="Starting server on :80"
time="2018-12-20T10:45:39Z" level=info msg="Starting provider *docker.Provider {\"Watch\":true,\"Filename\":\"\",\"Constraints\":null,\"Trace\":false,\"TemplateVersion\":2,\"DebugLogGeneratedTemplate\":false,\"Endpoint\":\"unix:///var/run/docker.sock\",\"Domain\":\"local.intergo.co\",\"TLS\":null,\"ExposedByDefault\":false,\"UseBindPortIP\":false,\"SwarmMode\":false,\"Network\":\"\",\"SwarmModeRefreshSeconds\":15}"
time="2018-12-20T10:45:40Z" level=info msg="Server configuration reloaded on :443"
time="2018-12-20T10:45:40Z" level=info msg="Server configuration reloaded on :8080"
time="2018-12-20T10:45:40Z" level=info msg="Server configuration reloaded on :80"
time="2018-12-20T10:45:40Z" level=info msg="Skipping same configuration for provider docker"
time="2018-12-20T10:45:41Z" level=info msg="Skipping same configuration for provider docker"
time="2018-12-20T10:45:41Z" level=info msg="Server configuration reloaded on :8080"
time="2018-12-20T10:45:41Z" level=info msg="Server configuration reloaded on :80"
time="2018-12-20T10:45:41Z" level=info msg="Server configuration reloaded on :443"
time="2018-12-20T10:45:43Z" level=info msg="Server configuration reloaded on :443"
time="2018-12-20T10:45:43Z" level=info msg="Server configuration reloaded on :8080"
time="2018-12-20T10:45:43Z" level=info msg="Server configuration reloaded on :80"
time="2018-12-20T10:45:45Z" level=info msg="Server configuration reloaded on :443"
time="2018-12-20T10:45:45Z" level=info msg="Server configuration reloaded on :8080"
time="2018-12-20T10:45:45Z" level=info msg="Server configuration reloaded on :80"
time="2018-12-20T10:46:58Z" level=info msg="I have to go..."
time="2018-12-20T10:46:58Z" level=info msg="Stopping server gracefully"
time="2018-12-20T10:46:58Z" level=info msg="Server stopped"
time="2018-12-20T10:46:58Z" level=info msg="Shutting down"
time="2018-12-20T16:24:25Z" level=info msg="Using TOML configuration file /traefik.toml"
time="2018-12-20T16:24:25Z" level=warning msg="web provider configuration is deprecated, you should use these options : api, rest provider, ping and metrics"
time="2018-12-20T16:24:25Z" level=info msg="Traefik version v1.7.6 built on 2018-12-14_06:43:37AM"
time="2018-12-20T16:24:25Z" level=info msg="\nStats collection is disabled.\nHelp us improve Traefik by turning this feature on :)\nMore details on: https://docs.traefik.io/basics/#collected-data\n"
time="2018-12-20T16:24:27Z" level=info msg="Preparing server https &{Address::443 TLS:0xc000291320 Redirect:<nil> Auth:<nil> WhitelistSourceRange:[] WhiteList:<nil> Compress:true ProxyProtocol:<nil> ForwardedHeaders:0xc000010720} with readTimeout=0s writeTimeout=0s idleTimeout=3m0s"
time="2018-12-20T16:24:27Z" level=info msg="Preparing server traefik &{Address::8080 TLS:<nil> Redirect:<nil> Auth:<nil> WhitelistSourceRange:[] WhiteList:<nil> Compress:false ProxyProtocol:<nil> ForwardedHeaders:0xc0000106e0} with readTimeout=0s writeTimeout=0s idleTimeout=3m0s"
time="2018-12-20T16:24:27Z" level=info msg="Starting server on :8080"
time="2018-12-20T16:24:27Z" level=info msg="Starting server on :443"
time="2018-12-20T16:24:27Z" level=info msg="Preparing server http &{Address::80 TLS:<nil> Redirect:0xc000187140 Auth:<nil> WhitelistSourceRange:[] WhiteList:<nil> Compress:false ProxyProtocol:<nil> ForwardedHeaders:0xc000010700} with readTimeout=0s writeTimeout=0s idleTimeout=3m0s"
time="2018-12-20T16:24:27Z" level=info msg="Starting provider configuration.ProviderAggregator {}"
time="2018-12-20T16:24:27Z" level=info msg="Starting server on :80"
time="2018-12-20T16:24:27Z" level=info msg="Starting provider *docker.Provider {\"Watch\":true,\"Filename\":\"\",\"Constraints\":null,\"Trace\":false,\"TemplateVersion\":2,\"DebugLogGeneratedTemplate\":false,\"Endpoint\":\"unix:///var/run/docker.sock\",\"Domain\":\"local.intergo.co\",\"TLS\":null,\"ExposedByDefault\":false,\"UseBindPortIP\":false,\"SwarmMode\":false,\"Network\":\"\",\"SwarmModeRefreshSeconds\":15}"
time="2018-12-20T16:24:29Z" level=info msg="Server configuration reloaded on :443"
time="2018-12-20T16:24:29Z" level=info msg="Server configuration reloaded on :8080"
time="2018-12-20T16:24:29Z" level=info msg="Server configuration reloaded on :80"
time="2018-12-20T22:36:16Z" level=info msg="I have to go..."
time="2018-12-20T22:36:16Z" level=info msg="Stopping server gracefully"
time="2018-12-20T22:36:16Z" level=info msg="Server stopped"
time="2018-12-20T22:36:16Z" level=info msg="Shutting down"
time="2018-12-21T18:07:12Z" level=info msg="Using TOML configuration file /traefik.toml"
time="2018-12-21T18:07:12Z" level=warning msg="web provider configuration is deprecated, you should use these options : api, rest provider, ping and metrics"
time="2018-12-21T18:07:12Z" level=info msg="No tls.defaultCertificate given for https: using the first item in tls.certificates as a fallback."
time="2018-12-21T18:07:12Z" level=info msg="Traefik version v1.7.6 built on 2018-12-14_06:43:37AM"
time="2018-12-21T18:07:12Z" level=info msg="\nStats collection is disabled.\nHelp us improve Traefik by turning this feature on :)\nMore details on: https://docs.traefik.io/basics/#collected-data\n"
time="2018-12-21T18:07:12Z" level=info msg="Preparing server http &{Address::80 TLS:<nil> Redirect:0xc0001ef600 Auth:<nil> WhitelistSourceRange:[] WhiteList:<nil> Compress:false ProxyProtocol:<nil> ForwardedHeaders:0xc00059e040} with readTimeout=0s writeTimeout=0s idleTimeout=3m0s"
time="2018-12-21T18:07:12Z" level=info msg="Preparing server https &{Address::443 TLS:0xc0001a4a20 Redirect:<nil> Auth:<nil> WhitelistSourceRange:[] WhiteList:<nil> Compress:true ProxyProtocol:<nil> ForwardedHeaders:0xc00059e060} with readTimeout=0s writeTimeout=0s idleTimeout=3m0s"
time="2018-12-21T18:07:12Z" level=info msg="Starting server on :80"
time="2018-12-21T18:07:12Z" level=info msg="Preparing server traefik &{Address::8080 TLS:<nil> Redirect:<nil> Auth:<nil> WhitelistSourceRange:[] WhiteList:<nil> Compress:false ProxyProtocol:<nil> ForwardedHeaders:0xc00059e080} with readTimeout=0s writeTimeout=0s idleTimeout=3m0s"
time="2018-12-21T18:07:12Z" level=info msg="Starting server on :443"
time="2018-12-21T18:07:12Z" level=info msg="Starting provider configuration.ProviderAggregator {}"
time="2018-12-21T18:07:12Z" level=info msg="Starting server on :8080"
time="2018-12-21T18:07:12Z" level=info msg="Starting provider *docker.Provider {\"Watch\":true,\"Filename\":\"\",\"Constraints\":null,\"Trace\":false,\"TemplateVersion\":2,\"DebugLogGeneratedTemplate\":false,\"Endpoint\":\"unix:///var/run/docker.sock\",\"Domain\":\"local.intergo.co\",\"TLS\":null,\"ExposedByDefault\":false,\"UseBindPortIP\":false,\"SwarmMode\":false,\"Network\":\"\",\"SwarmModeRefreshSeconds\":15}"
time="2018-12-21T18:07:13Z" level=warning msg="Could not find network named 'web-gateway' for container '/php-fpm-horizon'! Maybe you're missing the project's prefix in the label? Defaulting to first available network."
time="2018-12-21T18:07:13Z" level=warning msg="Could not find network named 'web-gateway' for container '/mailhog'! Maybe you're missing the project's prefix in the label? Defaulting to first available network."
time="2018-12-21T18:07:13Z" level=warning msg="Could not find network named 'web-gateway' for container '/phpmyadmin'! Maybe you're missing the project's prefix in the label? Defaulting to first available network."
time="2018-12-21T18:07:13Z" level=info msg="Server configuration reloaded on :80"
time="2018-12-21T18:07:13Z" level=info msg="Server configuration reloaded on :443"
time="2018-12-21T18:07:13Z" level=info msg="Server configuration reloaded on :8080"
time="2018-12-21T18:07:13Z" level=warning msg="Could not find network named 'web-gateway' for container '/php-fpm-horizon'! Maybe you're missing the project's prefix in the label? Defaulting to first available network."
time="2018-12-21T18:07:13Z" level=warning msg="Could not find network named 'web-gateway' for container '/mailhog'! Maybe you're missing the project's prefix in the label? Defaulting to first available network."
time="2018-12-21T18:07:13Z" level=warning msg="Could not find network named 'web-gateway' for container '/phpmyadmin'! Maybe you're missing the project's prefix in the label? Defaulting to first available network."
time="2018-12-21T18:07:13Z" level=warning msg="Could not find network named 'web-gateway' for container '/php-fpm-horizon'! Maybe you're missing the project's prefix in the label? Defaulting to first available network."
time="2018-12-21T18:07:13Z" level=warning msg="Could not find network named 'web-gateway' for container '/mailhog'! Maybe you're missing the project's prefix in the label? Defaulting to first available network."
time="2018-12-21T18:07:13Z" level=warning msg="Could not find network named 'web-gateway' for container '/phpmyadmin'! Maybe you're missing the project's prefix in the label? Defaulting to first available network."
time="2018-12-21T18:07:15Z" level=info msg="Server configuration reloaded on :80"
time="2018-12-21T18:07:15Z" level=info msg="Server configuration reloaded on :443"
time="2018-12-21T18:07:15Z" level=info msg="Server configuration reloaded on :8080"
time="2018-12-21T18:15:13Z" level=info msg="I have to go..."
time="2018-12-21T18:15:13Z" level=info msg="Stopping server gracefully"
time="2018-12-21T18:15:13Z" level=info msg="Server stopped"
time="2018-12-21T18:15:13Z" level=info msg="Shutting down"
time="2018-12-21T18:25:50Z" level=info msg="Using TOML configuration file /traefik.toml"
time="2018-12-21T18:25:50Z" level=warning msg="web provider configuration is deprecated, you should use these options : api, rest provider, ping and metrics"
time="2018-12-21T18:25:50Z" level=info msg="No tls.defaultCertificate given for https: using the first item in tls.certificates as a fallback."
time="2018-12-21T18:25:50Z" level=info msg="Traefik version v1.7.6 built on 2018-12-14_06:43:37AM"
time="2018-12-21T18:25:50Z" level=info msg="\nStats collection is disabled.\nHelp us improve Traefik by turning this feature on :)\nMore details on: https://docs.traefik.io/basics/#collected-data\n"
time="2018-12-21T18:25:50Z" level=info msg="Preparing server http &{Address::80 TLS:<nil> Redirect:0xc00036c0c0 Auth:<nil> WhitelistSourceRange:[] WhiteList:<nil> Compress:false ProxyProtocol:<nil> ForwardedHeaders:0xc00030ef40} with readTimeout=0s writeTimeout=0s idleTimeout=3m0s"
time="2018-12-21T18:25:50Z" level=info msg="Preparing server https &{Address::443 TLS:0xc000283170 Redirect:<nil> Auth:<nil> WhitelistSourceRange:[] WhiteList:<nil> Compress:true ProxyProtocol:<nil> ForwardedHeaders:0xc00030ef60} with readTimeout=0s writeTimeout=0s idleTimeout=3m0s"
time="2018-12-21T18:25:50Z" level=info msg="Starting server on :80"
time="2018-12-21T18:25:50Z" level=info msg="Preparing server traefik &{Address::8080 TLS:<nil> Redirect:<nil> Auth:<nil> WhitelistSourceRange:[] WhiteList:<nil> Compress:false ProxyProtocol:<nil> ForwardedHeaders:0xc00030ef80} with readTimeout=0s writeTimeout=0s idleTimeout=3m0s"
time="2018-12-21T18:25:50Z" level=info msg="Starting provider configuration.ProviderAggregator {}"
time="2018-12-21T18:25:50Z" level=info msg="Starting server on :443"
time="2018-12-21T18:25:50Z" level=info msg="Starting server on :8080"
time="2018-12-21T18:25:50Z" level=info msg="Starting provider *docker.Provider {\"Watch\":true,\"Filename\":\"\",\"Constraints\":null,\"Trace\":false,\"TemplateVersion\":2,\"DebugLogGeneratedTemplate\":false,\"Endpoint\":\"unix:///var/run/docker.sock\",\"Domain\":\"local.intergo.co\",\"TLS\":null,\"ExposedByDefault\":false,\"UseBindPortIP\":false,\"SwarmMode\":false,\"Network\":\"\",\"SwarmModeRefreshSeconds\":15}"
time="2018-12-21T18:25:50Z" level=info msg="Server configuration reloaded on :443"
time="2018-12-21T18:25:50Z" level=info msg="Server configuration reloaded on :8080"
time="2018-12-21T18:25:50Z" level=info msg="Server configuration reloaded on :80"
time="2018-12-21T18:25:51Z" level=info msg="Skipping same configuration for provider docker"
time="2018-12-21T18:25:51Z" level=warning msg="Could not find network named 'web-gateway' for container '/mailhog'! Maybe you're missing the project's prefix in the label? Defaulting to first available network."
time="2018-12-21T18:25:52Z" level=info msg="Server configuration reloaded on :80"
time="2018-12-21T18:25:52Z" level=info msg="Server configuration reloaded on :443"
time="2018-12-21T18:25:52Z" level=info msg="Server configuration reloaded on :8080"
time="2018-12-21T18:25:53Z" level=warning msg="Could not find network named 'web-gateway' for container '/php-fpm-horizon'! Maybe you're missing the project's prefix in the label? Defaulting to first available network."
time="2018-12-21T18:25:53Z" level=warning msg="Could not find network named 'web-gateway' for container '/mailhog'! Maybe you're missing the project's prefix in the label? Defaulting to first available network."
time="2018-12-21T18:25:53Z" level=warning msg="Could not find network named 'web-gateway' for container '/php-fpm-horizon'! Maybe you're missing the project's prefix in the label? Defaulting to first available network."
time="2018-12-21T18:25:53Z" level=warning msg="Could not find network named 'web-gateway' for container '/mailhog'! Maybe you're missing the project's prefix in the label? Defaulting to first available network."
time="2018-12-21T18:25:53Z" level=warning msg="Could not find network named 'web-gateway' for container '/phpmyadmin'! Maybe you're missing the project's prefix in the label? Defaulting to first available network."
time="2018-12-21T18:25:54Z" level=info msg="Server configuration reloaded on :443"
time="2018-12-21T18:25:54Z" level=info msg="Server configuration reloaded on :8080"
time="2018-12-21T18:25:54Z" level=info msg="Server configuration reloaded on :80"
time="2018-12-21T18:25:54Z" level=warning msg="Could not find network named 'web-gateway' for container '/php-fpm-horizon'! Maybe you're missing the project's prefix in the label? Defaulting to first available network."
time="2018-12-21T18:25:54Z" level=warning msg="Could not find network named 'web-gateway' for container '/mailhog'! Maybe you're missing the project's prefix in the label? Defaulting to first available network."
time="2018-12-21T18:25:54Z" level=warning msg="Could not find network named 'web-gateway' for container '/phpmyadmin'! Maybe you're missing the project's prefix in the label? Defaulting to first available network."
time="2018-12-21T18:25:54Z" level=warning msg="Could not find network named 'web-gateway' for container '/php-fpm-horizon'! Maybe you're missing the project's prefix in the label? Defaulting to first available network."
time="2018-12-21T18:25:54Z" level=warning msg="Could not find network named 'web-gateway' for container '/mailhog'! Maybe you're missing the project's prefix in the label? Defaulting to first available network."
time="2018-12-21T18:25:54Z" level=warning msg="Could not find network named 'web-gateway' for container '/phpmyadmin'! Maybe you're missing the project's prefix in the label? Defaulting to first available network."
time="2018-12-21T18:25:56Z" level=info msg="Server configuration reloaded on :443"
time="2018-12-21T18:25:56Z" level=info msg="Server configuration reloaded on :8080"
time="2018-12-21T18:25:56Z" level=info msg="Server configuration reloaded on :80"
time="2018-12-21T18:27:49Z" level=info msg="I have to go..."
time="2018-12-21T18:27:49Z" level=info msg="Stopping server gracefully"
time="2018-12-21T18:27:49Z" level=info msg="Server stopped"
time="2018-12-21T18:27:49Z" level=info msg="Shutting down"
